SeniorDesign/app/build/intermediates/manifest_merge_blame_file/debug/manifest-merger-blame-debug-report.txt
1<?xml version="1.0" encoding="utf-8"?>
2<manifest xmlns:android="http://schemas.android.com/apk/res/android"
3    package="com.example.seniordesign"
4    android:versionCode="1"
5    android:versionName="1.0" >
6
7    <uses-sdk
8        android:minSdkVersion="16"
8-->src\main\AndroidManifest.xml
9        android:targetSdkVersion="30" />
9-->src\main\AndroidManifest.xml
10    <!--
11         The ACCESS_COARSE/FINE_LOCATION permissions are not required to use
12         Google Maps Android API v2, but you must specify either coarse or fine
13         location permissions for the "MyLocation" functionality.
14    -->
15    <uses-permission android:name="android.permission.ACCESS_FINE_LOCATION" />
15-->src\main\AndroidManifest.xml:9:5-79
15-->src\main\AndroidManifest.xml:9:22-76
16    <uses-permission android:name="android.permission.INTERNET" />
16-->src\main\AndroidManifest.xml:10:5-67
16-->src\main\AndroidManifest.xml:10:22-64
17
18    <!-- Although the *SdkVersion is captured in gradle build files, this is required for non gradle builds -->
19    <!-- <uses-sdk android:minSdkVersion="14" /> -->
20    <uses-permission android:name="android.permission.ACCESS_NETWORK_STATE" />
20-->[com.google.firebase:firebase-firestore:23.0.0] AndroidManifest.xml:13:5-79
20-->[com.google.firebase:firebase-firestore:23.0.0] AndroidManifest.xml:13:22-76
21
22    <uses-feature
22-->[com.google.android.gms:play-services-maps:17.0.0] AndroidManifest.xml:26:5-28:35
23        android:glEsVersion="0x00020000"
23-->[com.google.android.gms:play-services-maps:17.0.0] AndroidManifest.xml:27:9-41
24        android:required="true" />
24-->[com.google.android.gms:play-services-maps:17.0.0] AndroidManifest.xml:28:9-32
25
26    <application
26-->src\main\AndroidManifest.xml:12:5-54:19
27        android:name="androidx.multidex.MultiDexApplication"
28        android:allowBackup="true"
28-->src\main\AndroidManifest.xml:13:9-35
29        android:appComponentFactory="androidx.core.app.CoreComponentFactory"
29-->[androidx.core:core:1.5.0] AndroidManifest.xml:24:18-86
30        android:debuggable="true"
31        android:icon="@mipmap/ic_launcher"
31-->src\main\AndroidManifest.xml:14:9-43
32        android:label="@string/app_name"
32-->src\main\AndroidManifest.xml:15:9-41
33        android:roundIcon="@mipmap/ic_launcher_round"
33-->src\main\AndroidManifest.xml:16:9-54
34        android:supportsRtl="true"
34-->src\main\AndroidManifest.xml:17:9-35
35        android:theme="@style/Theme.SeniorDesign" >
35-->src\main\AndroidManifest.xml:18:9-50
36
37        <!--
38             The API key for Google Maps-based APIs is defined as a string resource.
39             (See the file "res/values/google_maps_api.xml").
40             Note that the API key is linked to the encryption key used to sign the APK.
41             You need a different API key for each encryption key, including the release key that is used to
42             sign the APK for publishing.
43             You can define the keys for the debug and release targets in src/debug/ and src/release/.
44        -->
45        <meta-data
45-->src\main\AndroidManifest.xml:27:9-29:55
46            android:name="com.google.android.geo.API_KEY"
46-->src\main\AndroidManifest.xml:28:13-58
47            android:value="@string/google_maps_key" />
47-->src\main\AndroidManifest.xml:29:13-52
48
49        <activity
49-->src\main\AndroidManifest.xml:31:9-33:59
50            android:name="com.example.seniordesign.MapsActivity"
50-->src\main\AndroidManifest.xml:32:13-41
51            android:label="@string/title_activity_maps" />
51-->src\main\AndroidManifest.xml:33:13-56
52        <activity android:name="com.example.seniordesign.userSchedule" />
52-->src\main\AndroidManifest.xml:34:9-50
52-->src\main\AndroidManifest.xml:34:19-47
53        <activity android:name="com.example.seniordesign.timeSchedule" />
53-->src\main\AndroidManifest.xml:35:9-50
53-->src\main\AndroidManifest.xml:35:19-47
54        <activity android:name="com.example.seniordesign.navigationHospital" />
54-->src\main\AndroidManifest.xml:36:9-56
54-->src\main\AndroidManifest.xml:36:19-53
55        <activity android:name="com.example.seniordesign.EditProfile" />
55-->src\main\AndroidManifest.xml:37:9-49
55-->src\main\AndroidManifest.xml:37:19-46
56        <activity android:name="com.example.seniordesign.AllHospitals" />
56-->src\main\AndroidManifest.xml:38:9-50
56-->src\main\AndroidManifest.xml:38:19-47
57        <activity android:name="com.example.seniordesign.hospitalProfile" />
57-->src\main\AndroidManifest.xml:39:9-53
57-->src\main\AndroidManifest.xml:39:19-50
58        <activity android:name="com.example.seniordesign.logHospital" />
58-->src\main\AndroidManifest.xml:40:9-49
58-->src\main\AndroidManifest.xml:40:19-46
59        <activity android:name="com.example.seniordesign.regHospital" />
59-->src\main\AndroidManifest.xml:41:9-49
59-->src\main\AndroidManifest.xml:41:19-46
60        <activity android:name="com.example.seniordesign.MainActivity" />
60-->src\main\AndroidManifest.xml:42:9-50
60-->src\main\AndroidManifest.xml:42:19-47
61        <activity android:name="com.example.seniordesign.register" />
61-->src\main\AndroidManifest.xml:43:9-46
61-->src\main\AndroidManifest.xml:43:19-43
62        <activity android:name="com.example.seniordesign.AllUsers" />
62-->src\main\AndroidManifest.xml:44:9-46
62-->src\main\AndroidManifest.xml:44:19-43
63        <activity android:name="com.example.seniordesign.Login" />
63-->src\main\AndroidManifest.xml:45:9-43
63-->src\main\AndroidManifest.xml:45:19-40
64        <activity android:name="com.example.seniordesign.navigation" />
64-->src\main\AndroidManifest.xml:46:9-48
64-->src\main\AndroidManifest.xml:46:19-45
65        <activity android:name="com.example.seniordesign.firstPage" >
65-->src\main\AndroidManifest.xml:47:9-53:20
65-->src\main\AndroidManifest.xml:47:19-44
66            <intent-filter>
66-->src\main\AndroidManifest.xml:48:13-52:29
67                <action android:name="android.intent.action.MAIN" />
67-->src\main\AndroidManifest.xml:49:17-69
67-->src\main\AndroidManifest.xml:49:25-66
68
69                <category android:name="android.intent.category.LAUNCHER" />
69-->src\main\AndroidManifest.xml:51:17-77
69-->src\main\AndroidManifest.xml:51:27-74
70            </intent-filter>
71        </activity>
72
73        <service
73-->[com.google.firebase:firebase-firestore:23.0.0] AndroidManifest.xml:17:9-23:19
74            android:name="com.google.firebase.components.ComponentDiscoveryService"
74-->[com.google.firebase:firebase-firestore:23.0.0] AndroidManifest.xml:18:13-84
75            android:directBootAware="true"
75-->[com.google.firebase:firebase-common:20.0.0] AndroidManifest.xml:35:13-43
76            android:exported="false" >
76-->[com.google.firebase:firebase-firestore:23.0.0] AndroidManifest.xml:19:13-37
77            <meta-data
77-->[com.google.firebase:firebase-firestore:23.0.0] AndroidManifest.xml:20:13-22:85
78                android:name="com.google.firebase.components:com.google.firebase.firestore.FirestoreRegistrar"
78-->[com.google.firebase:firebase-firestore:23.0.0] AndroidManifest.xml:21:17-111
79                android:value="com.google.firebase.components.ComponentRegistrar" />
79-->[com.google.firebase:firebase-firestore:23.0.0] AndroidManifest.xml:22:17-82
80            <meta-data
80-->[com.google.firebase:firebase-database:20.0.0] AndroidManifest.xml:32:13-34:85
81                android:name="com.google.firebase.components:com.google.firebase.database.DatabaseRegistrar"
81-->[com.google.firebase:firebase-database:20.0.0] AndroidManifest.xml:33:17-109
82                android:value="com.google.firebase.components.ComponentRegistrar" />
82-->[com.google.firebase:firebase-database:20.0.0] AndroidManifest.xml:34:17-82
83            <meta-data
83-->[com.google.firebase:firebase-auth:21.0.1] AndroidManifest.xml:77:13-79:85
84                android:name="com.google.firebase.components:com.google.firebase.auth.FirebaseAuthRegistrar"
84-->[com.google.firebase:firebase-auth:21.0.1] AndroidManifest.xml:78:17-109
85                android:value="com.google.firebase.components.ComponentRegistrar" />
85-->[com.google.firebase:firebase-auth:21.0.1] AndroidManifest.xml:79:17-82
86        </service> <!-- Needs to be explicitly declared on P+ -->
87        <uses-library
87-->[com.google.android.gms:play-services-maps:17.0.0] AndroidManifest.xml:33:9-35:40
88            android:name="org.apache.http.legacy"
88-->[com.google.android.gms:play-services-maps:17.0.0] AndroidManifest.xml:34:13-50
89            android:required="false" />
89-->[com.google.android.gms:play-services-maps:17.0.0] AndroidManifest.xml:35:13-37
90
91        <activity
91-->[com.google.firebase:firebase-auth:21.0.1] AndroidManifest.xml:27:9-44:20
92            android:name="com.google.firebase.auth.internal.GenericIdpActivity"
92-->[com.google.firebase:firebase-auth:21.0.1] AndroidManifest.xml:28:13-80
93            android:excludeFromRecents="true"
93-->[com.google.firebase:firebase-auth:21.0.1] AndroidManifest.xml:29:13-46
94            android:exported="true"
94-->[com.google.firebase:firebase-auth:21.0.1] AndroidManifest.xml:30:13-36
95            android:launchMode="singleTask"
95-->[com.google.firebase:firebase-auth:21.0.1] AndroidManifest.xml:31:13-44
96            android:theme="@android:style/Theme.Translucent.NoTitleBar" >
96-->[com.google.firebase:firebase-auth:21.0.1] AndroidManifest.xml:32:13-72
97            <intent-filter>
97-->[com.google.firebase:firebase-auth:21.0.1] AndroidManifest.xml:33:13-43:29
98                <action android:name="android.intent.action.VIEW" />
98-->[com.google.firebase:firebase-auth:21.0.1] AndroidManifest.xml:34:17-69
98-->[com.google.firebase:firebase-auth:21.0.1] AndroidManifest.xml:34:25-66
99
100                <category android:name="android.intent.category.DEFAULT" />
100-->[com.google.firebase:firebase-auth:21.0.1] AndroidManifest.xml:36:17-76
100-->[com.google.firebase:firebase-auth:21.0.1] AndroidManifest.xml:36:27-73
101                <category android:name="android.intent.category.BROWSABLE" />
101-->[com.google.firebase:firebase-auth:21.0.1] AndroidManifest.xml:37:17-78
101-->[com.google.firebase:firebase-auth:21.0.1] AndroidManifest.xml:37:27-75
102
103                <data
103-->[com.google.firebase:firebase-auth:21.0.1] AndroidManifest.xml:39:17-42:51
104                    android:host="firebase.auth"
104-->[com.google.firebase:firebase-auth:21.0.1] AndroidManifest.xml:40:21-49
105                    android:path="/"
105-->[com.google.firebase:firebase-auth:21.0.1] AndroidManifest.xml:41:21-37
106                    android:scheme="genericidp" />
106-->[com.google.firebase:firebase-auth:21.0.1] AndroidManifest.xml:42:21-48
107            </intent-filter>
108        </activity>
109        <activity
109-->[com.google.firebase:firebase-auth:21.0.1] AndroidManifest.xml:45:9-62:20
110            android:name="com.google.firebase.auth.internal.RecaptchaActivity"
110-->[com.google.firebase:firebase-auth:21.0.1] AndroidManifest.xml:46:13-79
111            android:excludeFromRecents="true"
111-->[com.google.firebase:firebase-auth:21.0.1] AndroidManifest.xml:47:13-46
112            android:exported="true"
112-->[com.google.firebase:firebase-auth:21.0.1] AndroidManifest.xml:48:13-36
113            android:launchMode="singleTask"
113-->[com.google.firebase:firebase-auth:21.0.1] AndroidManifest.xml:49:13-44
114            android:theme="@android:style/Theme.Translucent.NoTitleBar" >
114-->[com.google.firebase:firebase-auth:21.0.1] AndroidManifest.xml:50:13-72
115            <intent-filter>
115-->[com.google.firebase:firebase-auth:21.0.1] AndroidManifest.xml:51:13-61:29
116                <action android:name="android.intent.action.VIEW" />
116-->[com.google.firebase:firebase-auth:21.0.1] AndroidManifest.xml:34:17-69
116-->[com.google.firebase:firebase-auth:21.0.1] AndroidManifest.xml:34:25-66
117
118                <category android:name="android.intent.category.DEFAULT" />
118-->[com.google.firebase:firebase-auth:21.0.1] AndroidManifest.xml:36:17-76
118-->[com.google.firebase:firebase-auth:21.0.1] AndroidManifest.xml:36:27-73
119                <category android:name="android.intent.category.BROWSABLE" />
119-->[com.google.firebase:firebase-auth:21.0.1] AndroidManifest.xml:37:17-78
119-->[com.google.firebase:firebase-auth:21.0.1] AndroidManifest.xml:37:27-75
120
121                <data
121-->[com.google.firebase:firebase-auth:21.0.1] AndroidManifest.xml:39:17-42:51
122                    android:host="firebase.auth"
122-->[com.google.firebase:firebase-auth:21.0.1] AndroidManifest.xml:40:21-49
123                    android:path="/"
123-->[com.google.firebase:firebase-auth:21.0.1] AndroidManifest.xml:41:21-37
124                    android:scheme="recaptcha" />
124-->[com.google.firebase:firebase-auth:21.0.1] AndroidManifest.xml:42:21-48
125            </intent-filter>
126        </activity>
127
128        <service
128-->[com.google.firebase:firebase-auth:21.0.1] AndroidManifest.xml:64:9-73:19
129            android:name="com.google.firebase.auth.api.fallback.service.FirebaseAuthFallbackService"
129-->[com.google.firebase:firebase-auth:21.0.1] AndroidManifest.xml:65:13-101
130            android:enabled="true"
130-->[com.google.firebase:firebase-auth:21.0.1] AndroidManifest.xml:66:13-35
131            android:exported="false" >
131-->[com.google.firebase:firebase-auth:21.0.1] AndroidManifest.xml:67:13-37
132            <intent-filter>
132-->[com.google.firebase:firebase-auth:21.0.1] AndroidManifest.xml:68:13-72:29
133                <action android:name="com.google.firebase.auth.api.gms.service.START" />
133-->[com.google.firebase:firebase-auth:21.0.1] AndroidManifest.xml:69:17-89
133-->[com.google.firebase:firebase-auth:21.0.1] AndroidManifest.xml:69:25-86
134
135                <category android:name="android.intent.category.DEFAULT" />
135-->[com.google.firebase:firebase-auth:21.0.1] AndroidManifest.xml:36:17-76
135-->[com.google.firebase:firebase-auth:21.0.1] AndroidManifest.xml:36:27-73
136            </intent-filter>
137        </service>
138
139        <meta-data
139-->[com.google.maps.android:android-maps-utils:2.2.3] AndroidManifest.xml:12:9-14:69
140            android:name="com.google.android.gms.version"
140-->[com.google.maps.android:android-maps-utils:2.2.3] AndroidManifest.xml:13:13-58
141            android:value="@integer/google_play_services_version" />
141-->[com.google.maps.android:android-maps-utils:2.2.3] AndroidManifest.xml:14:13-66
142
143        <activity
143-->[com.google.android.gms:play-services-base:17.1.0] AndroidManifest.xml:23:9-26:75
144            android:name="com.google.android.gms.common.api.GoogleApiActivity"
144-->[com.google.android.gms:play-services-base:17.1.0] AndroidManifest.xml:24:13-79
145            android:exported="false"
145-->[com.google.android.gms:play-services-base:17.1.0] AndroidManifest.xml:25:13-37
146            android:theme="@android:style/Theme.Translucent.NoTitleBar" />
146-->[com.google.android.gms:play-services-base:17.1.0] AndroidManifest.xml:26:13-72
147
148        <provider
148-->[com.google.firebase:firebase-common:20.0.0] AndroidManifest.xml:26:9-31:39
149            android:name="com.google.firebase.provider.FirebaseInitProvider"
149-->[com.google.firebase:firebase-common:20.0.0] AndroidManifest.xml:27:13-77
150            android:authorities="com.example.seniordesign.firebaseinitprovider"
150-->[com.google.firebase:firebase-common:20.0.0] AndroidManifest.xml:28:13-72
151            android:directBootAware="true"
151-->[com.google.firebase:firebase-common:20.0.0] AndroidManifest.xml:29:13-43
152            android:exported="false"
152-->[com.google.firebase:firebase-common:20.0.0] AndroidManifest.xml:30:13-37
153            android:initOrder="100" />
153-->[com.google.firebase:firebase-common:20.0.0] AndroidManifest.xml:31:13-36
154    </application>
155
156</manifest>